<?xml version="1.0" encoding="UTF-8"?>
<testsuite xmlns:xsi="http://www.w3.org/2001/XMLSchema-instance" xsi:noNamespaceSchemaLocation="https://maven.apache.org/surefire/maven-surefire-plugin/xsd/surefire-test-report-3.0.xsd" version="3.0" name="mp3player.PlaylistTest" time="0.049" tests="17" errors="0" skipped="0" failures="0">
  <properties>
[...]
</properties>
  <testcase name="testMatchesBlankQuery" classname="mp3player.PlaylistTest" time="0.015"/>
  <testcase name="testToCsvAndFromCsv" classname="mp3player.PlaylistTest" time="0.003"/>
  <testcase name="testRemoveSongById" classname="mp3player.PlaylistTest" time="0.002"/>
  <testcase name="testSize" classname="mp3player.PlaylistTest" time="0.001"/>
  <testcase name="testSearchReturnsCorrectResults" classname="mp3player.PlaylistTest" time="0.0"/>
  <testcase name="testMatchesTitleCaseInsensitive" classname="mp3player.PlaylistTest" time="0.0"/>
  <testcase name="testSearchNoResults" classname="mp3player.PlaylistTest" time="0.0"/>
  <testcase name="testGetAverageDuration" classname="mp3player.PlaylistTest" time="0.0"/>
  <testcase name="testGetShortestSong" classname="mp3player.PlaylistTest" time="0.0"/>
  <testcase name="testFindByIdNotFound" classname="mp3player.PlaylistTest" time="0.001"/>
  <testcase name="testEmptyPlaylistStatistics" classname="mp3player.PlaylistTest" time="0.001"/>
  <testcase name="testFindByIdFound" classname="mp3player.PlaylistTest" time="0.001"/>
  <testcase name="testGetTotalDurationSeconds" classname="mp3player.PlaylistTest" time="0.0"/>
  <testcase name="testGetFormattedDuration" classname="mp3player.PlaylistTest" time="0.0"/>
  <testcase name="testNextId" classname="mp3player.PlaylistTest" time="0.0"/>
  <testcase name="testRemoveNonexistentId" classname="mp3player.PlaylistTest" time="0.0"/>
  <testcase name="testGetLongestSong" classname="mp3player.PlaylistTest" time="0.001"/>
</testsuite>